<?xml version="1.0" encoding="UTF-8"?>
<!-- Generated by org.testng.reporters.JUnitReportReporter -->
<testsuite skipped="0" hostname="M120048YHFD57" name="com.first.example.DemoOne" tests="1" failures="0" timestamp="17 Aug 2018 03:17:43 GMT" time="0.005" errors="0">
  <testcase name="test1" time="0.005" classname="com.first.example.DemoOne"/>
</testsuite> <!-- com.first.example.DemoOne -->
