<?xml version="1.0" encoding="UTF-8"?>
<!-- Generated by org.testng.reporters.JUnitReportReporter -->
<testsuite skipped="0" hostname="M120048YHFD57" name="com.testclasses.ThirdAPI" tests="3" failures="0" timestamp="19 Aug 2018 04:49:13 GMT" time="0.002" errors="0">
  <testcase name="test" time="0.001" classname="com.testclasses.ThirdAPI"/>
  <testcase name="test" time="0.000" classname="com.testclasses.ThirdAPI"/>
  <testcase name="test" time="0.001" classname="com.testclasses.ThirdAPI"/>
</testsuite> <!-- com.testclasses.ThirdAPI -->
