<?xml version="1.0" encoding="UTF-8"?>
<!-- Generated by org.testng.reporters.JUnitReportReporter -->
<testsuite skipped="0" hostname="M120048YHFD57" name="com.second.example.DemoThree" tests="2" failures="0" timestamp="17 Aug 2018 08:38:17 GMT" time="0.000" errors="0">
  <testcase name="test3" time="0.000" classname="com.second.example.DemoThree"/>
  <testcase name="test1" time="0.000" classname="com.second.example.DemoThree"/>
</testsuite> <!-- com.second.example.DemoThree -->
