<?xml version="1.0" encoding="UTF-8"?>
<!-- Generated by org.testng.reporters.JUnitReportReporter -->
<testsuite skipped="0" hostname="M120048YHFD57" name="com.testclasses.EnrollAPI" tests="3" failures="0" timestamp="19 Aug 2018 02:19:19 GMT" time="0.011" errors="0">
  <testcase name="test" time="0.010" classname="com.testclasses.EnrollAPI"/>
  <testcase name="test" time="0.001" classname="com.testclasses.EnrollAPI"/>
  <testcase name="test" time="0.000" classname="com.testclasses.EnrollAPI"/>
</testsuite> <!-- com.testclasses.EnrollAPI -->
