<?xml version="1.0" encoding="UTF-8"?>
<!-- Generated by org.testng.reporters.JUnitReportReporter -->
<testsuite skipped="0" hostname="M120048YHFD57" name="com.first.example.DemoOne" tests="2" failures="0" timestamp="17 Aug 2018 08:38:17 GMT" time="0.012" errors="0">
  <testcase name="test2" time="0.001" classname="com.first.example.DemoOne"/>
  <testcase name="test1" time="0.011" classname="com.first.example.DemoOne"/>
</testsuite> <!-- com.first.example.DemoOne -->
