<?xml version="1.0" encoding="UTF-8"?>
<!-- Generated by org.testng.reporters.JUnitReportReporter -->
<testsuite skipped="0" hostname="M120048YHFD57" name="com.testclasses.FirstAPI" tests="3" failures="0" timestamp="19 Aug 2018 04:49:13 GMT" time="0.009" errors="0">
  <testcase name="test" time="0.009" classname="com.testclasses.FirstAPI"/>
  <testcase name="test" time="0.000" classname="com.testclasses.FirstAPI"/>
  <testcase name="test" time="0.000" classname="com.testclasses.FirstAPI"/>
</testsuite> <!-- com.testclasses.FirstAPI -->
